----------------------------------------------------------------------------
Benchmark                                  Time             CPU   Iterations
----------------------------------------------------------------------------
CPU/BM_Morton/1/iterations:50           2.40 ms        0.022 ms           50
CPU/BM_Morton/2/iterations:50           1.54 ms        0.021 ms           50
CPU/BM_Morton/3/iterations:50           1.25 ms        0.044 ms           50
CPU/BM_Morton/4/iterations:50          0.849 ms        0.056 ms           50
CPU/BM_Morton/5/iterations:50          0.717 ms        0.059 ms           50
CPU/BM_Morton/6/iterations:50          0.771 ms        0.050 ms           50
CPU/BM_Sort/1/iterations:50             7.50 ms        0.086 ms           50
CPU/BM_Sort/2/iterations:50             3.11 ms        0.121 ms           50
CPU/BM_Sort/3/iterations:50             1.70 ms        0.138 ms           50
CPU/BM_Sort/4/iterations:50             2.03 ms        0.156 ms           50
CPU/BM_Sort/5/iterations:50             1.99 ms        0.161 ms           50
CPU/BM_Sort/6/iterations:50             2.10 ms        0.183 ms           50
CPU/BM_RemoveDup/1/iterations:50       0.511 ms        0.014 ms           50
CPU/BM_RemoveDup/2/iterations:50       0.504 ms        0.011 ms           50
CPU/BM_RemoveDup/3/iterations:50       0.512 ms        0.011 ms           50
CPU/BM_RemoveDup/4/iterations:50       0.542 ms        0.011 ms           50
CPU/BM_RemoveDup/5/iterations:50       0.648 ms        0.013 ms           50
CPU/BM_RemoveDup/6/iterations:50       0.790 ms        0.019 ms           50
CPU/BM_RadixTree/1/iterations:50        21.7 ms        0.060 ms           50
CPU/BM_RadixTree/2/iterations:50        10.1 ms        0.046 ms           50
CPU/BM_RadixTree/3/iterations:50        6.25 ms        0.053 ms           50
CPU/BM_RadixTree/4/iterations:50        4.77 ms        0.059 ms           50
CPU/BM_RadixTree/5/iterations:50        3.74 ms        0.053 ms           50
CPU/BM_RadixTree/6/iterations:50        4.20 ms        0.065 ms           50
CPU/BM_EdgeCount/1/iterations:50       0.566 ms        0.015 ms           50
CPU/BM_EdgeCount/2/iterations:50       0.296 ms        0.025 ms           50
CPU/BM_EdgeCount/3/iterations:50       0.212 ms        0.027 ms           50
CPU/BM_EdgeCount/4/iterations:50       0.197 ms        0.044 ms           50
CPU/BM_EdgeCount/5/iterations:50       0.193 ms        0.047 ms           50
CPU/BM_EdgeCount/6/iterations:50       0.208 ms        0.045 ms           50
CPU/BM_EdgeOffset/1/iterations:50      0.018 ms        0.010 ms           50
CPU/BM_EdgeOffset/2/iterations:50      0.019 ms        0.010 ms           50
CPU/BM_EdgeOffset/3/iterations:50      0.019 ms        0.011 ms           50
CPU/BM_EdgeOffset/4/iterations:50      0.017 ms        0.010 ms           50
CPU/BM_EdgeOffset/5/iterations:50      0.018 ms        0.010 ms           50
CPU/BM_EdgeOffset/6/iterations:50      0.020 ms        0.012 ms           50
CPU/BM_Octree/1/iterations:50           11.0 ms        0.054 ms           50
CPU/BM_Octree/2/iterations:50           6.48 ms        0.062 ms           50
CPU/BM_Octree/3/iterations:50           4.14 ms        0.056 ms           50
CPU/BM_Octree/4/iterations:50           3.78 ms        0.127 ms           50
CPU/BM_Octree/5/iterations:50           3.91 ms        0.108 ms           50
CPU/BM_Octree/6/iterations:50           4.54 ms        0.145 ms           50
