Device ID: 0
Device name: Orin
Compute capability: 8.7
Total global memory: 6480 MB
Number of multiprocessors: 8
Max threads per block: 1024
Max threads per multiprocessor: 1536
Warp size: 32

--------------------------------------------------------------------------------------------------
Benchmark                                                        Time             CPU   Iterations
--------------------------------------------------------------------------------------------------
BM_GPU_Morton/GridSize:1/iterations:20/manual_time            6.55 ms         7.60 ms           20
BM_GPU_Morton/GridSize:2/iterations:20/manual_time            2.89 ms         3.78 ms           20
BM_GPU_Morton/GridSize:4/iterations:20/manual_time            1.56 ms         2.45 ms           20
BM_GPU_Morton/GridSize:8/iterations:20/manual_time           0.902 ms         1.80 ms           20
BM_GPU_Morton/GridSize:16/iterations:20/manual_time          0.706 ms         1.61 ms           20
BM_GPU_Morton/GridSize:32/iterations:20/manual_time          0.712 ms         1.61 ms           20
BM_GPU_Sort/GridSize:1/iterations:20/manual_time              32.2 ms         1.62 ms           20
BM_GPU_Sort/GridSize:2/iterations:20/manual_time              16.9 ms         1.46 ms           20
BM_GPU_Sort/GridSize:4/iterations:20/manual_time              9.27 ms         1.47 ms           20
BM_GPU_Sort/GridSize:8/iterations:20/manual_time              5.44 ms         1.50 ms           20
BM_GPU_Sort/GridSize:16/iterations:20/manual_time             5.12 ms         1.55 ms           20
BM_GPU_Sort/GridSize:32/iterations:20/manual_time             4.96 ms         1.52 ms           20
BM_GPU_Unique/GridSize:1/iterations:20/manual_time            22.5 ms         8.84 ms           20
BM_GPU_Unique/GridSize:2/iterations:20/manual_time            13.7 ms         6.48 ms           20
BM_GPU_Unique/GridSize:4/iterations:20/manual_time            9.30 ms         5.58 ms           20
BM_GPU_Unique/GridSize:8/iterations:20/manual_time            7.34 ms         5.48 ms           20
BM_GPU_Unique/GridSize:16/iterations:20/manual_time           6.42 ms         5.45 ms           20
BM_GPU_Unique/GridSize:32/iterations:20/manual_time           6.11 ms         5.50 ms           20
BM_GPU_RadixTree/GridSize:1/iterations:20/manual_time         49.2 ms         50.3 ms           20
BM_GPU_RadixTree/GridSize:2/iterations:20/manual_time         25.0 ms         26.0 ms           20
BM_GPU_RadixTree/GridSize:4/iterations:20/manual_time         12.5 ms         13.4 ms           20
BM_GPU_RadixTree/GridSize:8/iterations:20/manual_time         6.27 ms         7.20 ms           20
BM_GPU_RadixTree/GridSize:16/iterations:20/manual_time        4.25 ms         5.18 ms           20
BM_GPU_RadixTree/GridSize:32/iterations:20/manual_time        4.23 ms         5.17 ms           20
BM_GPU_EdgeCount/GridSize:1/iterations:20/manual_time         5.91 ms         6.93 ms           20
BM_GPU_EdgeCount/GridSize:2/iterations:20/manual_time         2.97 ms         3.89 ms           20
BM_GPU_EdgeCount/GridSize:4/iterations:20/manual_time         1.49 ms         2.49 ms           20
BM_GPU_EdgeCount/GridSize:8/iterations:20/manual_time        0.813 ms         1.78 ms           20
BM_GPU_EdgeCount/GridSize:16/iterations:20/manual_time       0.484 ms         1.43 ms           20
BM_GPU_EdgeCount/GridSize:32/iterations:20/manual_time       0.561 ms         1.52 ms           20
BM_GPU_EdgeOffset/GridSize:1/iterations:20/manual_time        5.44 ms         6.44 ms           20
BM_GPU_EdgeOffset/GridSize:2/iterations:20/manual_time        5.44 ms         6.49 ms           20
BM_GPU_EdgeOffset/GridSize:4/iterations:20/manual_time        5.43 ms         6.36 ms           20
BM_GPU_EdgeOffset/GridSize:8/iterations:20/manual_time        5.43 ms         6.35 ms           20
BM_GPU_EdgeOffset/GridSize:16/iterations:20/manual_time       5.43 ms         6.32 ms           20
BM_GPU_EdgeOffset/GridSize:32/iterations:20/manual_time       5.43 ms         6.33 ms           20
BM_GPU_Octree/GridSize:1/iterations:20/manual_time            64.2 ms         65.3 ms           20
BM_GPU_Octree/GridSize:2/iterations:20/manual_time            33.1 ms         34.2 ms           20
BM_GPU_Octree/GridSize:4/iterations:20/manual_time            17.6 ms         18.6 ms           20
BM_GPU_Octree/GridSize:8/iterations:20/manual_time            10.2 ms         11.1 ms           20
BM_GPU_Octree/GridSize:16/iterations:20/manual_time           6.81 ms         7.72 ms           20
BM_GPU_Octree/GridSize:32/iterations:20/manual_time           7.10 ms         8.01 ms           20
